2022-04-01 18:17:40 INFO TkinterPlotWeatherCsv.py(244)[<module>] app_conf: {'geometory': '980x800', 'saveas': {'initialdir': './images'}, 'openfiles': {'initialdir': '~/Downloads/csv'}, 'plot': {'figsize': [7, 7], 'ylim': {'temp': [-20, 40], 'pressure': [940, 1040]}}}
2022-04-01 18:17:52 DEBUG TkinterPlotWeatherCsv.py(165)[open_csv] df.index: DatetimeIndex(['2021-10-01 00:03:44', '2021-10-01 00:13:28',
               '2021-10-01 00:23:12', '2021-10-01 00:32:56',
               '2021-10-01 00:42:41', '2021-10-01 00:52:24',
               '2021-10-01 01:02:08', '2021-10-01 01:11:52',
               '2021-10-01 01:21:36', '2021-10-01 01:31:22',
               ...
               '2021-10-29 12:53:04', '2021-10-29 13:02:48',
               '2021-10-29 13:12:30', '2021-10-29 13:22:15',
               '2021-10-29 13:31:58', '2021-10-29 13:41:43',
               '2021-10-29 13:51:27', '2021-10-29 14:01:12',
               '2021-10-29 14:10:56', '2021-10-29 14:20:41'],
              dtype='datetime64[ns]', name='measurement_time', length=4225, freq=None)
2022-04-01 18:17:52 DEBUG TkinterPlotWeatherCsv.py(172)[open_csv] type(day_group): <class 'pandas.core.groupby.generic.DataFrameGroupBy'>
2022-04-01 18:17:52 DEBUG TkinterPlotWeatherCsv.py(175)[open_csv] type(measurement_dates): <class 'pandas.core.series.Series'>
2022-04-01 18:17:52 DEBUG TkinterPlotWeatherCsv.py(176)[open_csv] measurement_dates: measurement_time
2021-10-01    143
2021-10-02    148
2021-10-03    148
2021-10-04    148
2021-10-05    147
2021-10-06    148
2021-10-07    148
2021-10-08    148
2021-10-09    148
2021-10-10    148
2021-10-11    148
2021-10-12    148
2021-10-13    148
2021-10-14    148
2021-10-15    147
2021-10-16    148
2021-10-17    148
2021-10-18    148
2021-10-19    148
2021-10-20    148
2021-10-21    148
2021-10-22    148
2021-10-23    148
2021-10-24    147
2021-10-25    148
2021-10-26    148
2021-10-27    148
2021-10-28    148
2021-10-29     89
Name: measurement_time, dtype: int64
2022-04-01 18:17:52 DEBUG TkinterPlotWeatherCsv.py(187)[open_csv] dates_idx: Index([2021-10-01, 2021-10-02, 2021-10-03, 2021-10-04, 2021-10-05, 2021-10-06,
       2021-10-07, 2021-10-08, 2021-10-09, 2021-10-10, 2021-10-11, 2021-10-12,
       2021-10-13, 2021-10-14, 2021-10-15, 2021-10-16, 2021-10-17, 2021-10-18,
       2021-10-19, 2021-10-20, 2021-10-21, 2021-10-22, 2021-10-23, 2021-10-24,
       2021-10-25, 2021-10-26, 2021-10-27, 2021-10-28, 2021-10-29],
      dtype='object', name='measurement_date')
2022-04-01 18:17:52 DEBUG TkinterPlotWeatherCsv.py(188)[open_csv] days_list: ['2021-10-01', '2021-10-02', '2021-10-03', '2021-10-04', '2021-10-05', '2021-10-06', '2021-10-07', '2021-10-08', '2021-10-09', '2021-10-10', '2021-10-11', '2021-10-12', '2021-10-13', '2021-10-14', '2021-10-15', '2021-10-16', '2021-10-17', '2021-10-18', '2021-10-19', '2021-10-20', '2021-10-21', '2021-10-22', '2021-10-23', '2021-10-24', '2021-10-25', '2021-10-26', '2021-10-27', '2021-10-28', '2021-10-29']
2022-04-01 18:17:52 DEBUG TkinterPlotWeatherCsv.py(189)[open_csv] idx_to_date: 6
2022-04-01 18:17:52 DEBUG TkinterPlotWeatherCsv.py(99)[plot_range] plot_from: 2021-10-01, plot_add_1_to: 2021-10-08
